<?xml version="1.0" encoding="UTF-8"?>
<testng-results ignored="3" total="4" passed="1" failed="0" skipped="0">
  <reporter-output>
  </reporter-output>
  <suite started-at="2025-05-07T22:19:31 IST" name="Suite" finished-at="2025-05-07T22:19:36 IST" duration-ms="4300">
    <groups>
      <group name="regression">
        <method signature="LoginTest1.verifyUserIsAbleToLoginUsingValidUsernameAndPassword()[pri:0, instance:testscript1.LoginTest1@3d51f06e]" name="verifyUserIsAbleToLoginUsingValidUsernameAndPassword" class="testscript1.LoginTest1"/>
      </group> <!-- regression -->
    </groups>
    <test started-at="2025-05-07T22:19:31 IST" name="Test" finished-at="2025-05-07T22:19:36 IST" duration-ms="4300">
      <class name="testscript1.LoginTest1">
        <test-method is-config="true" signature="intializeBrowser(java.lang.String)[pri:0, instance:testscript1.LoginTest1@3d51f06e]" started-at="2025-05-07T22:19:31 IST" name="intializeBrowser" finished-at="2025-05-07T22:19:34 IST" duration-ms="2880" status="PASS">
          <params>
            <param index="0">
              <value>
                <![CDATA[chrome]]>
              </value>
            </param>
          </params>
          <reporter-output>
          </reporter-output>
        </test-method> <!-- intializeBrowser -->
        <test-method signature="verifyUserIsAbleToLoginUsingValidUsernameAndPassword()[pri:0, instance:testscript1.LoginTest1@3d51f06e]" started-at="2025-05-07T22:19:34 IST" name="verifyUserIsAbleToLoginUsingValidUsernameAndPassword" finished-at="2025-05-07T22:19:36 IST" duration-ms="1393" status="PASS">
          <reporter-output>
          </reporter-output>
        </test-method> <!-- verifyUserIsAbleToLoginUsingValidUsernameAndPassword -->
        <test-method is-config="true" signature="browserQuit(org.testng.ITestResult)[pri:0, instance:testscript1.LoginTest1@3d51f06e]" started-at="2025-05-07T22:19:36 IST" name="browserQuit" finished-at="2025-05-07T22:19:36 IST" duration-ms="1" status="PASS">
          <params>
            <param index="0">
              <value>
                <![CDATA[[TestResult name=verifyUserIsAbleToLoginUsingValidUsernameAndPassword status=SUCCESS method=LoginTest1.verifyUserIsAbleToLoginUsingValidUsernameAndPassword()[pri:0, instance:testscript1.LoginTest1@3d51f06e] output={null}]]]>
              </value>
            </param>
          </params>
          <reporter-output>
          </reporter-output>
        </test-method> <!-- browserQuit -->
      </class> <!-- testscript1.LoginTest1 -->
    </test> <!-- Test -->
  </suite> <!-- Suite -->
</testng-results>
